2024-05-11 16:43:08,322 INFO werkzeug [31m[1mWARNING: This is a development server. Do not use it in a production deployment. Use a production WSGI server instead.[0m
 * Running on all addresses (0.0.0.0)
 * Running on http://127.0.0.1:5000
 * Running on http://192.168.4.32:5000
2024-05-11 16:43:08,323 INFO werkzeug [33mPress CTRL+C to quit[0m
2024-05-11 16:43:08,324 INFO werkzeug  * Restarting with stat
2024-05-11 16:43:09,018 WARNING werkzeug  * Debugger is active!
2024-05-11 16:43:09,021 INFO werkzeug  * Debugger PIN: 678-019-846
2024-05-11 16:44:04,547 INFO __main__ Accessing the index route
2024-05-11 16:44:04,548 DEBUG urllib3.connectionpool Starting new HTTPS connection (1): paper-api.alpaca.markets:443
2024-05-11 16:44:05,274 DEBUG urllib3.connectionpool https://paper-api.alpaca.markets:443 "GET /v2/clock HTTP/1.1" 200 148
2024-05-11 16:44:05,290 INFO __main__ Market is closed.
2024-05-11 16:44:05,516 DEBUG urllib3.connectionpool https://paper-api.alpaca.markets:443 "GET /v2/account HTTP/1.1" 200 None
2024-05-11 16:44:05,516 DEBUG __main__ Current portfolio balance: 100000
2024-05-11 16:44:05,517 DEBUG urllib3.connectionpool Starting new HTTPS connection (1): data.alpaca.markets:443
2024-05-11 16:44:06,225 DEBUG urllib3.connectionpool https://data.alpaca.markets:443 "GET /v2/stocks/GLD/bars?timeframe=1Day&adjustment=raw&limit=5 HTTP/1.1" 200 51
2024-05-11 16:44:06,451 DEBUG urllib3.connectionpool https://paper-api.alpaca.markets:443 "GET /v2/assets/GLD HTTP/1.1" 200 343
2024-05-11 16:44:06,680 DEBUG urllib3.connectionpool https://data.alpaca.markets:443 "GET /v2/stocks/AAPL/bars?timeframe=1Day&adjustment=raw&limit=5 HTTP/1.1" 200 52
2024-05-11 16:44:06,905 DEBUG urllib3.connectionpool https://paper-api.alpaca.markets:443 "GET /v2/assets/AAPL HTTP/1.1" 200 334
2024-05-11 16:44:07,145 DEBUG urllib3.connectionpool https://data.alpaca.markets:443 "GET /v2/stocks/MSFT/bars?timeframe=1Day&adjustment=raw&limit=5 HTTP/1.1" 200 52
2024-05-11 16:44:07,374 DEBUG urllib3.connectionpool https://paper-api.alpaca.markets:443 "GET /v2/assets/MSFT HTTP/1.1" 200 345
2024-05-11 16:44:07,405 INFO werkzeug 127.0.0.1 - - [11/May/2024 16:44:07] "[35m[1mGET / HTTP/1.1[0m" 500 -
2024-05-11 16:44:07,460 INFO werkzeug 127.0.0.1 - - [11/May/2024 16:44:07] "GET /?__debugger__=yes&cmd=resource&f=style.css HTTP/1.1" 200 -
2024-05-11 16:44:07,742 INFO werkzeug 127.0.0.1 - - [11/May/2024 16:44:07] "GET /?__debugger__=yes&cmd=resource&f=debugger.js HTTP/1.1" 200 -
2024-05-11 16:44:08,089 INFO werkzeug 127.0.0.1 - - [11/May/2024 16:44:08] "GET /?__debugger__=yes&cmd=resource&f=console.png HTTP/1.1" 200 -
2024-05-11 16:44:08,337 INFO werkzeug 127.0.0.1 - - [11/May/2024 16:44:08] "[36mGET /?__debugger__=yes&cmd=resource&f=console.png HTTP/1.1[0m" 304 -
2024-05-11 16:47:14,022 INFO werkzeug  * Detected change in 'C:\\Users\\Andrew\\OneDrive\\Projects\\Python\\tradingbot\\app.py', reloading
2024-05-11 16:47:14,096 INFO werkzeug  * Restarting with stat
2024-05-11 20:54:08,334 INFO werkzeug [31m[1mWARNING: This is a development server. Do not use it in a production deployment. Use a production WSGI server instead.[0m
 * Running on all addresses (0.0.0.0)
 * Running on http://127.0.0.1:5000
 * Running on http://192.168.4.32:5000
2024-05-11 20:54:08,335 INFO werkzeug [33mPress CTRL+C to quit[0m
2024-05-11 20:54:08,336 INFO werkzeug  * Restarting with stat
2024-05-11 20:54:09,011 WARNING werkzeug  * Debugger is active!
2024-05-11 20:54:09,014 INFO werkzeug  * Debugger PIN: 678-019-846
2024-05-11 20:55:29,251 INFO werkzeug  * Detected change in 'C:\\Users\\Andrew\\OneDrive\\Projects\\Python\\tradingbot\\app.py', reloading
2024-05-11 20:55:29,331 INFO werkzeug  * Restarting with stat
2024-05-11 20:55:30,034 WARNING werkzeug  * Debugger is active!
2024-05-11 20:55:30,038 INFO werkzeug  * Debugger PIN: 678-019-846
2024-05-11 20:55:38,674 INFO werkzeug [31m[1mWARNING: This is a development server. Do not use it in a production deployment. Use a production WSGI server instead.[0m
 * Running on http://127.0.0.1:5000
2024-05-11 20:55:38,675 INFO werkzeug [33mPress CTRL+C to quit[0m
2024-05-11 20:55:38,676 INFO werkzeug  * Restarting with stat
2024-05-11 20:55:39,353 WARNING werkzeug  * Debugger is active!
2024-05-11 20:55:39,357 INFO werkzeug  * Debugger PIN: 678-019-846
2024-05-11 20:55:50,085 INFO __main__ Accessing the index route
2024-05-11 20:55:50,086 DEBUG urllib3.connectionpool Starting new HTTPS connection (1): paper-api.alpaca.markets:443
2024-05-11 20:55:50,875 DEBUG urllib3.connectionpool https://paper-api.alpaca.markets:443 "GET /v2/clock HTTP/1.1" 200 148
2024-05-11 20:55:50,875 INFO __main__ Market is closed.
2024-05-11 20:55:51,106 DEBUG urllib3.connectionpool https://paper-api.alpaca.markets:443 "GET /v2/account HTTP/1.1" 200 None
2024-05-11 20:55:51,106 DEBUG __main__ Current portfolio balance: 100000
2024-05-11 20:55:51,108 DEBUG urllib3.connectionpool Starting new HTTPS connection (1): data.alpaca.markets:443
2024-05-11 20:55:51,834 DEBUG urllib3.connectionpool https://data.alpaca.markets:443 "GET /v2/stocks/GLD/bars?timeframe=1Day&adjustment=raw&limit=5 HTTP/1.1" 200 51
2024-05-11 20:55:52,061 DEBUG urllib3.connectionpool https://paper-api.alpaca.markets:443 "GET /v2/assets/GLD HTTP/1.1" 200 343
2024-05-11 20:55:52,290 DEBUG urllib3.connectionpool https://data.alpaca.markets:443 "GET /v2/stocks/AAPL/bars?timeframe=1Day&adjustment=raw&limit=5 HTTP/1.1" 200 52
2024-05-11 20:55:52,517 DEBUG urllib3.connectionpool https://paper-api.alpaca.markets:443 "GET /v2/assets/AAPL HTTP/1.1" 200 334
2024-05-11 20:55:52,743 DEBUG urllib3.connectionpool https://data.alpaca.markets:443 "GET /v2/stocks/MSFT/bars?timeframe=1Day&adjustment=raw&limit=5 HTTP/1.1" 200 52
2024-05-11 20:55:52,968 DEBUG urllib3.connectionpool https://paper-api.alpaca.markets:443 "GET /v2/assets/MSFT HTTP/1.1" 200 345
2024-05-11 20:55:52,990 INFO werkzeug 127.0.0.1 - - [11/May/2024 20:55:52] "[35m[1mGET / HTTP/1.1[0m" 500 -
2024-05-11 20:55:53,052 INFO werkzeug 127.0.0.1 - - [11/May/2024 20:55:53] "[36mGET /?__debugger__=yes&cmd=resource&f=style.css HTTP/1.1[0m" 304 -
2024-05-11 20:55:53,328 INFO werkzeug 127.0.0.1 - - [11/May/2024 20:55:53] "[36mGET /?__debugger__=yes&cmd=resource&f=debugger.js HTTP/1.1[0m" 304 -
2024-05-11 20:55:53,665 INFO werkzeug 127.0.0.1 - - [11/May/2024 20:55:53] "[36mGET /?__debugger__=yes&cmd=resource&f=console.png HTTP/1.1[0m" 304 -
2024-05-11 21:00:10,726 INFO werkzeug  * Detected change in 'C:\\Users\\Andrew\\OneDrive\\Projects\\Python\\tradingbot\\app.py', reloading
2024-05-11 21:00:10,805 INFO werkzeug  * Restarting with stat
2024-05-11 21:00:11,501 WARNING werkzeug  * Debugger is active!
2024-05-11 21:00:11,505 INFO werkzeug  * Debugger PIN: 678-019-846
2024-05-11 21:02:24,214 INFO werkzeug [31m[1mWARNING: This is a development server. Do not use it in a production deployment. Use a production WSGI server instead.[0m
 * Running on all addresses (0.0.0.0)
 * Running on http://127.0.0.1:5000
 * Running on http://192.168.4.32:5000
2024-05-11 21:02:24,214 INFO werkzeug [33mPress CTRL+C to quit[0m
2024-05-11 21:02:24,215 INFO werkzeug  * Restarting with stat
2024-05-11 21:02:24,932 WARNING werkzeug  * Debugger is active!
2024-05-11 21:02:24,936 INFO werkzeug  * Debugger PIN: 678-019-846
2024-05-11 21:02:35,026 DEBUG urllib3.connectionpool Starting new HTTPS connection (1): paper-api.alpaca.markets:443
2024-05-11 21:02:35,849 DEBUG urllib3.connectionpool https://paper-api.alpaca.markets:443 "GET /v2/clock HTTP/1.1" 200 147
2024-05-11 21:02:35,850 INFO __main__ Market is closed.
2024-05-11 21:02:36,076 DEBUG urllib3.connectionpool https://paper-api.alpaca.markets:443 "GET /v2/account HTTP/1.1" 200 None
2024-05-11 21:02:36,077 DEBUG __main__ Current portfolio balance: 100000
2024-05-11 21:02:36,079 DEBUG urllib3.connectionpool Starting new HTTPS connection (1): data.alpaca.markets:443
2024-05-11 21:02:36,829 DEBUG urllib3.connectionpool https://data.alpaca.markets:443 "GET /v2/stocks/GLD/bars?timeframe=1Day&adjustment=raw&limit=5 HTTP/1.1" 200 51
2024-05-11 21:02:37,056 DEBUG urllib3.connectionpool https://paper-api.alpaca.markets:443 "GET /v2/assets/GLD HTTP/1.1" 200 343
2024-05-11 21:02:37,286 DEBUG urllib3.connectionpool https://data.alpaca.markets:443 "GET /v2/stocks/AAPL/bars?timeframe=1Day&adjustment=raw&limit=5 HTTP/1.1" 200 52
2024-05-11 21:02:37,514 DEBUG urllib3.connectionpool https://paper-api.alpaca.markets:443 "GET /v2/assets/AAPL HTTP/1.1" 200 334
2024-05-11 21:02:37,743 DEBUG urllib3.connectionpool https://data.alpaca.markets:443 "GET /v2/stocks/MSFT/bars?timeframe=1Day&adjustment=raw&limit=5 HTTP/1.1" 200 52
2024-05-11 21:02:37,974 DEBUG urllib3.connectionpool https://paper-api.alpaca.markets:443 "GET /v2/assets/MSFT HTTP/1.1" 200 345
2024-05-11 21:02:37,976 INFO werkzeug 127.0.0.1 - - [11/May/2024 21:02:37] "GET / HTTP/1.1" 200 -
2024-05-11 21:02:38,172 INFO werkzeug 127.0.0.1 - - [11/May/2024 21:02:38] "[33mGET /favicon.ico HTTP/1.1[0m" 404 -
2024-05-11 21:03:28,370 DEBUG urllib3.connectionpool https://paper-api.alpaca.markets:443 "GET /v2/clock HTTP/1.1" 200 148
2024-05-11 21:03:28,371 INFO __main__ Market is closed.
2024-05-11 21:03:28,599 DEBUG urllib3.connectionpool https://paper-api.alpaca.markets:443 "GET /v2/account HTTP/1.1" 200 None
2024-05-11 21:03:28,600 DEBUG __main__ Current portfolio balance: 100000
2024-05-11 21:03:28,830 DEBUG urllib3.connectionpool https://data.alpaca.markets:443 "GET /v2/stocks/GLD/bars?timeframe=1Day&adjustment=raw&limit=5 HTTP/1.1" 200 51
2024-05-11 21:03:29,057 DEBUG urllib3.connectionpool https://paper-api.alpaca.markets:443 "GET /v2/assets/GLD HTTP/1.1" 200 343
2024-05-11 21:03:29,288 DEBUG urllib3.connectionpool https://data.alpaca.markets:443 "GET /v2/stocks/AAPL/bars?timeframe=1Day&adjustment=raw&limit=5 HTTP/1.1" 200 52
2024-05-11 21:03:29,514 DEBUG urllib3.connectionpool https://paper-api.alpaca.markets:443 "GET /v2/assets/AAPL HTTP/1.1" 200 334
2024-05-11 21:03:29,748 DEBUG urllib3.connectionpool https://data.alpaca.markets:443 "GET /v2/stocks/MSFT/bars?timeframe=1Day&adjustment=raw&limit=5 HTTP/1.1" 200 52
2024-05-11 21:03:29,975 DEBUG urllib3.connectionpool https://paper-api.alpaca.markets:443 "GET /v2/assets/MSFT HTTP/1.1" 200 345
2024-05-11 21:03:29,980 INFO werkzeug 127.0.0.1 - - [11/May/2024 21:03:29] "GET / HTTP/1.1" 200 -
2024-05-11 21:03:30,027 INFO werkzeug 127.0.0.1 - - [11/May/2024 21:03:30] "GET /static/styles.css HTTP/1.1" 200 -
2024-05-12 12:13:24,885 INFO werkzeug [31m[1mWARNING: This is a development server. Do not use it in a production deployment. Use a production WSGI server instead.[0m
 * Running on all addresses (0.0.0.0)
 * Running on http://127.0.0.1:5000
 * Running on http://192.168.4.32:5000
2024-05-12 12:13:24,886 INFO werkzeug [33mPress CTRL+C to quit[0m
2024-05-12 12:13:24,888 INFO werkzeug  * Restarting with stat
2024-05-12 12:13:25,639 WARNING werkzeug  * Debugger is active!
2024-05-12 12:13:25,644 INFO werkzeug  * Debugger PIN: 678-019-846
2024-05-12 12:14:08,010 DEBUG urllib3.connectionpool Starting new HTTPS connection (1): paper-api.alpaca.markets:443
2024-05-12 12:14:09,321 DEBUG urllib3.connectionpool https://paper-api.alpaca.markets:443 "GET /v2/clock HTTP/1.1" 200 147
2024-05-12 12:14:09,322 INFO __main__ Market is closed.
2024-05-12 12:14:09,548 DEBUG urllib3.connectionpool https://paper-api.alpaca.markets:443 "GET /v2/account HTTP/1.1" 200 None
2024-05-12 12:14:09,572 DEBUG __main__ Current portfolio balance: 100000
2024-05-12 12:14:09,573 DEBUG urllib3.connectionpool Starting new HTTPS connection (1): data.alpaca.markets:443
2024-05-12 12:14:10,471 DEBUG urllib3.connectionpool https://data.alpaca.markets:443 "GET /v2/stocks/GLD/bars?timeframe=1Day&adjustment=raw&limit=5 HTTP/1.1" 200 51
2024-05-12 12:14:10,724 DEBUG urllib3.connectionpool https://paper-api.alpaca.markets:443 "GET /v2/assets/GLD HTTP/1.1" 200 343
2024-05-12 12:14:10,951 DEBUG urllib3.connectionpool https://data.alpaca.markets:443 "GET /v2/stocks/AAPL/bars?timeframe=1Day&adjustment=raw&limit=5 HTTP/1.1" 200 52
2024-05-12 12:14:11,177 DEBUG urllib3.connectionpool https://paper-api.alpaca.markets:443 "GET /v2/assets/AAPL HTTP/1.1" 200 334
2024-05-12 12:14:11,409 DEBUG urllib3.connectionpool https://data.alpaca.markets:443 "GET /v2/stocks/MSFT/bars?timeframe=1Day&adjustment=raw&limit=5 HTTP/1.1" 200 52
2024-05-12 12:14:11,638 DEBUG urllib3.connectionpool https://paper-api.alpaca.markets:443 "GET /v2/assets/MSFT HTTP/1.1" 200 345
2024-05-12 12:14:12,149 INFO werkzeug 127.0.0.1 - - [12/May/2024 12:14:12] "GET / HTTP/1.1" 200 -
2024-05-12 12:14:12,222 INFO werkzeug 127.0.0.1 - - [12/May/2024 12:14:12] "GET /static/styles.css HTTP/1.1" 200 -
2024-05-12 12:14:12,630 INFO werkzeug 127.0.0.1 - - [12/May/2024 12:14:12] "[33mGET /favicon.ico HTTP/1.1[0m" 404 -
2024-05-12 12:18:38,417 INFO werkzeug  * Detected change in 'C:\\Users\\Andrew\\OneDrive\\Projects\\Python\\tradingbot\\app.py', reloading
2024-05-12 12:18:38,517 INFO werkzeug  * Restarting with stat
2024-05-12 12:18:39,238 WARNING werkzeug  * Debugger is active!
2024-05-12 12:18:39,242 INFO werkzeug  * Debugger PIN: 678-019-846
2024-05-12 12:18:50,684 INFO werkzeug [31m[1mWARNING: This is a development server. Do not use it in a production deployment. Use a production WSGI server instead.[0m
 * Running on http://127.0.0.1:5000
2024-05-12 12:18:50,685 INFO werkzeug [33mPress CTRL+C to quit[0m
2024-05-12 12:18:50,686 INFO werkzeug  * Restarting with stat
2024-05-12 12:18:51,394 WARNING werkzeug  * Debugger is active!
2024-05-12 12:18:51,398 INFO werkzeug  * Debugger PIN: 678-019-846
2024-05-13 08:57:24,585 INFO werkzeug [31m[1mWARNING: This is a development server. Do not use it in a production deployment. Use a production WSGI server instead.[0m
 * Running on http://127.0.0.1:5000
2024-05-13 08:57:24,586 INFO werkzeug [33mPress CTRL+C to quit[0m
2024-05-13 08:57:24,587 INFO werkzeug  * Restarting with stat
2024-05-13 08:57:25,272 WARNING werkzeug  * Debugger is active!
2024-05-13 08:57:25,275 INFO werkzeug  * Debugger PIN: 678-019-846
2024-05-13 08:57:42,105 DEBUG urllib3.connectionpool Starting new HTTPS connection (1): paper-api.alpaca.markets:443
2024-05-13 08:57:42,955 DEBUG urllib3.connectionpool https://paper-api.alpaca.markets:443 "GET /v2/clock HTTP/1.1" 200 147
2024-05-13 08:57:42,955 INFO __main__ Market is closed.
2024-05-13 08:57:43,181 DEBUG urllib3.connectionpool https://paper-api.alpaca.markets:443 "GET /v2/account HTTP/1.1" 200 None
2024-05-13 08:57:43,182 DEBUG __main__ Current portfolio balance: 100000
2024-05-13 08:57:43,183 DEBUG urllib3.connectionpool Starting new HTTPS connection (1): data.alpaca.markets:443
2024-05-13 08:57:43,874 DEBUG urllib3.connectionpool https://data.alpaca.markets:443 "GET /v2/stocks/GLD/bars?timeframe=1Day&adjustment=raw&limit=5 HTTP/1.1" 200 51
2024-05-13 08:57:44,102 DEBUG urllib3.connectionpool https://paper-api.alpaca.markets:443 "GET /v2/assets/GLD HTTP/1.1" 200 343
2024-05-13 08:57:44,331 DEBUG urllib3.connectionpool https://data.alpaca.markets:443 "GET /v2/stocks/AAPL/bars?timeframe=1Day&adjustment=raw&limit=5 HTTP/1.1" 200 52
2024-05-13 08:57:44,559 DEBUG urllib3.connectionpool https://paper-api.alpaca.markets:443 "GET /v2/assets/AAPL HTTP/1.1" 200 334
2024-05-13 08:57:44,786 DEBUG urllib3.connectionpool https://data.alpaca.markets:443 "GET /v2/stocks/MSFT/bars?timeframe=1Day&adjustment=raw&limit=5 HTTP/1.1" 200 52
2024-05-13 08:57:45,027 DEBUG urllib3.connectionpool https://paper-api.alpaca.markets:443 "GET /v2/assets/MSFT HTTP/1.1" 200 345
2024-05-13 08:57:45,042 INFO werkzeug 127.0.0.1 - - [13/May/2024 08:57:45] "GET / HTTP/1.1" 200 -
2024-05-13 08:57:45,099 INFO werkzeug 127.0.0.1 - - [13/May/2024 08:57:45] "GET /static/styles.css HTTP/1.1" 200 -
2024-05-13 08:57:45,102 INFO werkzeug 127.0.0.1 - - [13/May/2024 08:57:45] "[33mGET /favicon.ico HTTP/1.1[0m" 404 -
2024-05-13 09:15:20,925 INFO werkzeug  * Detected change in 'C:\\Users\\Andrew\\OneDrive\\Projects\\Python\\tradingbot\\app.py', reloading
2024-05-13 09:15:21,035 INFO werkzeug  * Restarting with stat
2024-05-13 13:24:52,249 DEBUG tzlocal Looking up time zone info from registry
2024-05-13 13:24:52,257 INFO apscheduler.scheduler Adding job tentatively -- it will be properly scheduled when the scheduler starts
2024-05-13 13:24:52,258 INFO apscheduler.scheduler Added job "wait_until_market_open" to job store "default"
2024-05-13 13:24:52,258 INFO apscheduler.scheduler Scheduler started
2024-05-13 13:24:52,259 DEBUG apscheduler.scheduler Looking for jobs to run
2024-05-13 13:24:52,259 DEBUG apscheduler.scheduler Next wakeup is due at 2024-05-13 14:24:52.257125+10:00 (in 3599.998000 seconds)
2024-05-13 13:24:52,277 INFO werkzeug [31m[1mWARNING: This is a development server. Do not use it in a production deployment. Use a production WSGI server instead.[0m
 * Running on http://127.0.0.1:5000
2024-05-13 13:24:52,277 INFO werkzeug [33mPress CTRL+C to quit[0m
2024-05-13 13:24:52,278 INFO werkzeug  * Restarting with stat
2024-05-13 13:24:52,999 DEBUG tzlocal Looking up time zone info from registry
2024-05-13 13:24:53,002 INFO apscheduler.scheduler Adding job tentatively -- it will be properly scheduled when the scheduler starts
2024-05-13 13:24:53,003 INFO apscheduler.scheduler Added job "wait_until_market_open" to job store "default"
2024-05-13 13:24:53,003 INFO apscheduler.scheduler Scheduler started
2024-05-13 13:24:53,004 DEBUG apscheduler.scheduler Looking for jobs to run
2024-05-13 13:24:53,004 DEBUG apscheduler.scheduler Next wakeup is due at 2024-05-13 14:24:53.002774+10:00 (in 3599.997999 seconds)
2024-05-13 13:24:53,009 WARNING werkzeug  * Debugger is active!
2024-05-13 13:24:53,012 INFO werkzeug  * Debugger PIN: 678-019-846
2024-05-13 13:25:01,297 DEBUG urllib3.connectionpool Starting new HTTPS connection (1): paper-api.alpaca.markets:443
2024-05-13 13:25:02,094 DEBUG urllib3.connectionpool https://paper-api.alpaca.markets:443 "GET /v2/clock HTTP/1.1" 200 148
2024-05-13 13:25:02,094 INFO __main__ Market is closed.
2024-05-13 13:25:02,320 DEBUG urllib3.connectionpool https://paper-api.alpaca.markets:443 "GET /v2/account HTTP/1.1" 200 None
2024-05-13 13:25:02,321 DEBUG __main__ Current portfolio balance: 100000
2024-05-13 13:25:02,322 DEBUG urllib3.connectionpool Starting new HTTPS connection (1): data.alpaca.markets:443
2024-05-13 13:25:03,071 DEBUG urllib3.connectionpool https://data.alpaca.markets:443 "GET /v2/stocks/GLD/bars?timeframe=1Day&adjustment=raw&limit=5 HTTP/1.1" 200 51
2024-05-13 13:25:03,298 DEBUG urllib3.connectionpool https://paper-api.alpaca.markets:443 "GET /v2/assets/GLD HTTP/1.1" 200 343
2024-05-13 13:25:03,529 DEBUG urllib3.connectionpool https://data.alpaca.markets:443 "GET /v2/stocks/AAPL/bars?timeframe=1Day&adjustment=raw&limit=5 HTTP/1.1" 200 52
2024-05-13 13:25:03,756 DEBUG urllib3.connectionpool https://paper-api.alpaca.markets:443 "GET /v2/assets/AAPL HTTP/1.1" 200 334
2024-05-13 13:25:03,985 DEBUG urllib3.connectionpool https://data.alpaca.markets:443 "GET /v2/stocks/MSFT/bars?timeframe=1Day&adjustment=raw&limit=5 HTTP/1.1" 200 52
2024-05-13 13:25:04,212 DEBUG urllib3.connectionpool https://paper-api.alpaca.markets:443 "GET /v2/assets/MSFT HTTP/1.1" 200 345
2024-05-13 13:25:04,223 INFO werkzeug 127.0.0.1 - - [13/May/2024 13:25:04] "GET / HTTP/1.1" 200 -
2024-05-13 13:25:04,279 INFO werkzeug 127.0.0.1 - - [13/May/2024 13:25:04] "[36mGET /static/styles.css HTTP/1.1[0m" 304 -
2024-05-13 13:28:04,950 INFO werkzeug  * Detected change in 'C:\\Users\\Andrew\\OneDrive\\Projects\\Python\\tradingbot\\app.py', reloading
2024-05-13 13:28:05,035 INFO werkzeug  * Restarting with stat
2024-05-13 13:28:05,777 DEBUG tzlocal Looking up time zone info from registry
2024-05-13 13:28:05,781 INFO apscheduler.scheduler Adding job tentatively -- it will be properly scheduled when the scheduler starts
2024-05-13 13:28:05,782 INFO apscheduler.scheduler Added job "wait_until_market_open" to job store "default"
2024-05-13 13:28:05,782 INFO apscheduler.scheduler Scheduler started
2024-05-13 13:28:05,783 DEBUG apscheduler.scheduler Looking for jobs to run
2024-05-13 13:28:05,783 DEBUG apscheduler.scheduler Next wakeup is due at 2024-05-13 14:28:05.781679+10:00 (in 3599.997999 seconds)
2024-05-13 13:28:05,788 WARNING werkzeug  * Debugger is active!
2024-05-13 13:28:05,792 INFO werkzeug  * Debugger PIN: 678-019-846
2024-05-13 13:28:41,698 INFO werkzeug  * Detected change in 'C:\\Users\\Andrew\\OneDrive\\Projects\\Python\\tradingbot\\app.py', reloading
2024-05-13 13:28:41,781 INFO werkzeug  * Restarting with stat
2024-05-13 13:28:42,506 DEBUG tzlocal Looking up time zone info from registry
2024-05-13 13:28:42,509 INFO apscheduler.scheduler Adding job tentatively -- it will be properly scheduled when the scheduler starts
2024-05-13 13:28:42,510 INFO apscheduler.scheduler Added job "wait_until_market_open" to job store "default"
2024-05-13 13:28:42,510 INFO apscheduler.scheduler Scheduler started
2024-05-13 13:28:42,511 DEBUG apscheduler.scheduler Looking for jobs to run
2024-05-13 13:28:42,511 DEBUG apscheduler.scheduler Next wakeup is due at 2024-05-13 14:28:42.509209+10:00 (in 3599.998000 seconds)
2024-05-13 13:28:42,517 WARNING werkzeug  * Debugger is active!
2024-05-13 13:28:42,520 INFO werkzeug  * Debugger PIN: 678-019-846
2024-05-13 13:29:04,732 INFO werkzeug  * Detected change in 'C:\\Users\\Andrew\\OneDrive\\Projects\\Python\\tradingbot\\app.py', reloading
2024-05-13 13:29:04,805 INFO werkzeug  * Restarting with stat
2024-05-13 13:29:05,529 DEBUG tzlocal Looking up time zone info from registry
2024-05-13 13:29:05,532 INFO apscheduler.scheduler Adding job tentatively -- it will be properly scheduled when the scheduler starts
2024-05-13 13:29:05,533 INFO apscheduler.scheduler Added job "wait_until_market_open" to job store "default"
2024-05-13 13:29:05,533 INFO apscheduler.scheduler Scheduler started
2024-05-13 13:29:05,534 DEBUG apscheduler.scheduler Looking for jobs to run
2024-05-13 13:29:05,534 DEBUG apscheduler.scheduler Next wakeup is due at 2024-05-13 14:29:05.532844+10:00 (in 3599.997999 seconds)
2024-05-13 13:29:05,540 WARNING werkzeug  * Debugger is active!
2024-05-13 13:29:05,544 INFO werkzeug  * Debugger PIN: 678-019-846
2024-05-13 13:29:58,368 INFO werkzeug  * Detected change in 'C:\\Users\\Andrew\\OneDrive\\Projects\\Python\\tradingbot\\app.py', reloading
2024-05-13 13:29:58,463 INFO werkzeug  * Restarting with stat
2024-05-13 13:29:59,281 DEBUG tzlocal Looking up time zone info from registry
2024-05-13 13:29:59,284 INFO apscheduler.scheduler Adding job tentatively -- it will be properly scheduled when the scheduler starts
2024-05-13 13:29:59,285 INFO apscheduler.scheduler Added job "wait_until_market_open" to job store "default"
2024-05-13 13:29:59,286 INFO apscheduler.scheduler Scheduler started
2024-05-13 13:29:59,286 DEBUG apscheduler.scheduler Looking for jobs to run
2024-05-13 13:29:59,287 DEBUG apscheduler.scheduler Next wakeup is due at 2024-05-13 14:29:59.284187+10:00 (in 3599.996998 seconds)
2024-05-13 13:29:59,292 WARNING werkzeug  * Debugger is active!
2024-05-13 13:29:59,296 INFO werkzeug  * Debugger PIN: 678-019-846
2024-05-13 13:31:27,312 DEBUG urllib3.connectionpool Starting new HTTPS connection (1): paper-api.alpaca.markets:443
2024-05-13 13:31:28,101 DEBUG urllib3.connectionpool https://paper-api.alpaca.markets:443 "GET /v2/clock HTTP/1.1" 200 148
2024-05-13 13:31:28,101 INFO __main__ Market is closed.
2024-05-13 13:31:28,327 DEBUG urllib3.connectionpool https://paper-api.alpaca.markets:443 "GET /v2/account HTTP/1.1" 200 None
2024-05-13 13:31:28,327 DEBUG __main__ Current portfolio balance: 100000
2024-05-13 13:31:28,329 DEBUG urllib3.connectionpool Starting new HTTPS connection (1): data.alpaca.markets:443
2024-05-13 13:31:29,024 DEBUG urllib3.connectionpool https://data.alpaca.markets:443 "GET /v2/stocks/GLD/bars?timeframe=1Day&adjustment=raw&limit=5 HTTP/1.1" 200 51
2024-05-13 13:31:29,251 DEBUG urllib3.connectionpool https://paper-api.alpaca.markets:443 "GET /v2/assets/GLD HTTP/1.1" 200 343
2024-05-13 13:31:29,483 DEBUG urllib3.connectionpool https://data.alpaca.markets:443 "GET /v2/stocks/AAPL/bars?timeframe=1Day&adjustment=raw&limit=5 HTTP/1.1" 200 52
2024-05-13 13:31:29,711 DEBUG urllib3.connectionpool https://paper-api.alpaca.markets:443 "GET /v2/assets/AAPL HTTP/1.1" 200 334
2024-05-13 13:31:29,941 DEBUG urllib3.connectionpool https://data.alpaca.markets:443 "GET /v2/stocks/MSFT/bars?timeframe=1Day&adjustment=raw&limit=5 HTTP/1.1" 200 52
2024-05-13 13:31:30,167 DEBUG urllib3.connectionpool https://paper-api.alpaca.markets:443 "GET /v2/assets/MSFT HTTP/1.1" 200 345
2024-05-13 13:31:30,178 INFO werkzeug 127.0.0.1 - - [13/May/2024 13:31:30] "GET / HTTP/1.1" 200 -
2024-05-13 13:31:30,231 INFO werkzeug 127.0.0.1 - - [13/May/2024 13:31:30] "[36mGET /static/styles.css HTTP/1.1[0m" 304 -
2024-05-13 13:31:45,819 DEBUG tzlocal Looking up time zone info from registry
2024-05-13 13:31:45,822 INFO apscheduler.scheduler Adding job tentatively -- it will be properly scheduled when the scheduler starts
2024-05-13 13:31:45,823 INFO apscheduler.scheduler Added job "wait_until_market_open" to job store "default"
2024-05-13 13:31:45,823 INFO apscheduler.scheduler Scheduler started
2024-05-13 13:31:45,824 DEBUG apscheduler.scheduler Looking for jobs to run
2024-05-13 13:31:45,824 DEBUG apscheduler.scheduler Next wakeup is due at 2024-05-13 14:31:45.822452+10:00 (in 3599.997999 seconds)
2024-05-13 13:31:45,834 INFO werkzeug [31m[1mWARNING: This is a development server. Do not use it in a production deployment. Use a production WSGI server instead.[0m
 * Running on http://127.0.0.1:5000
2024-05-13 13:31:45,834 INFO werkzeug [33mPress CTRL+C to quit[0m
2024-05-13 13:31:45,835 INFO werkzeug  * Restarting with stat
2024-05-13 13:31:46,541 DEBUG tzlocal Looking up time zone info from registry
2024-05-13 13:31:46,544 INFO apscheduler.scheduler Adding job tentatively -- it will be properly scheduled when the scheduler starts
2024-05-13 13:31:46,545 INFO apscheduler.scheduler Added job "wait_until_market_open" to job store "default"
2024-05-13 13:31:46,545 INFO apscheduler.scheduler Scheduler started
2024-05-13 13:31:46,545 DEBUG apscheduler.scheduler Looking for jobs to run
2024-05-13 13:31:46,546 DEBUG apscheduler.scheduler Next wakeup is due at 2024-05-13 14:31:46.544606+10:00 (in 3599.998000 seconds)
2024-05-13 13:31:46,551 WARNING werkzeug  * Debugger is active!
2024-05-13 13:31:46,554 INFO werkzeug  * Debugger PIN: 678-019-846
2024-05-13 13:31:49,939 DEBUG urllib3.connectionpool Starting new HTTPS connection (1): paper-api.alpaca.markets:443
2024-05-13 13:31:50,648 DEBUG urllib3.connectionpool https://paper-api.alpaca.markets:443 "GET /v2/clock HTTP/1.1" 200 148
2024-05-13 13:31:50,649 INFO __main__ Market is closed.
2024-05-13 13:31:50,877 DEBUG urllib3.connectionpool https://paper-api.alpaca.markets:443 "GET /v2/account HTTP/1.1" 200 None
2024-05-13 13:31:50,878 DEBUG __main__ Current portfolio balance: 100000
2024-05-13 13:31:50,879 DEBUG urllib3.connectionpool Starting new HTTPS connection (1): data.alpaca.markets:443
2024-05-13 13:31:51,564 DEBUG urllib3.connectionpool https://data.alpaca.markets:443 "GET /v2/stocks/GLD/bars?timeframe=1Day&adjustment=raw&limit=5 HTTP/1.1" 200 51
2024-05-13 13:31:51,791 DEBUG urllib3.connectionpool https://paper-api.alpaca.markets:443 "GET /v2/assets/GLD HTTP/1.1" 200 343
2024-05-13 13:31:52,022 DEBUG urllib3.connectionpool https://data.alpaca.markets:443 "GET /v2/stocks/AAPL/bars?timeframe=1Day&adjustment=raw&limit=5 HTTP/1.1" 200 52
2024-05-13 13:31:52,248 DEBUG urllib3.connectionpool https://paper-api.alpaca.markets:443 "GET /v2/assets/AAPL HTTP/1.1" 200 334
2024-05-13 13:31:52,476 DEBUG urllib3.connectionpool https://data.alpaca.markets:443 "GET /v2/stocks/MSFT/bars?timeframe=1Day&adjustment=raw&limit=5 HTTP/1.1" 200 52
2024-05-13 13:31:52,703 DEBUG urllib3.connectionpool https://paper-api.alpaca.markets:443 "GET /v2/assets/MSFT HTTP/1.1" 200 345
2024-05-13 13:31:52,709 INFO werkzeug 127.0.0.1 - - [13/May/2024 13:31:52] "GET / HTTP/1.1" 200 -
2024-05-13 13:31:52,754 INFO werkzeug 127.0.0.1 - - [13/May/2024 13:31:52] "[36mGET /static/styles.css HTTP/1.1[0m" 304 -
2024-05-13 13:32:48,798 INFO werkzeug  * Detected change in 'C:\\Users\\Andrew\\OneDrive\\Projects\\Python\\tradingbot\\app.py', reloading
2024-05-13 13:32:48,882 INFO werkzeug  * Restarting with stat
2024-05-13 13:32:49,601 DEBUG tzlocal Looking up time zone info from registry
2024-05-13 13:32:49,604 INFO apscheduler.scheduler Adding job tentatively -- it will be properly scheduled when the scheduler starts
2024-05-13 13:32:49,604 INFO apscheduler.scheduler Added job "wait_until_market_open" to job store "default"
2024-05-13 13:32:49,605 INFO apscheduler.scheduler Scheduler started
2024-05-13 13:32:49,605 DEBUG apscheduler.scheduler Looking for jobs to run
2024-05-13 13:32:49,605 DEBUG apscheduler.scheduler Next wakeup is due at 2024-05-13 14:32:49.604765+10:00 (in 3599.999000 seconds)
2024-05-13 13:32:49,610 WARNING werkzeug  * Debugger is active!
2024-05-13 13:32:49,613 INFO werkzeug  * Debugger PIN: 678-019-846
2024-05-13 13:32:56,783 DEBUG urllib3.connectionpool Starting new HTTPS connection (1): paper-api.alpaca.markets:443
2024-05-13 13:32:57,467 DEBUG urllib3.connectionpool https://paper-api.alpaca.markets:443 "GET /v2/clock HTTP/1.1" 200 148
2024-05-13 13:32:57,485 INFO werkzeug 127.0.0.1 - - [13/May/2024 13:32:57] "[35m[1mGET / HTTP/1.1[0m" 500 -
2024-05-13 13:32:57,544 INFO werkzeug 127.0.0.1 - - [13/May/2024 13:32:57] "GET /?__debugger__=yes&cmd=resource&f=style.css HTTP/1.1" 200 -
2024-05-13 13:32:57,824 INFO werkzeug 127.0.0.1 - - [13/May/2024 13:32:57] "GET /?__debugger__=yes&cmd=resource&f=debugger.js HTTP/1.1" 200 -
2024-05-13 13:32:58,174 INFO werkzeug 127.0.0.1 - - [13/May/2024 13:32:58] "GET /?__debugger__=yes&cmd=resource&f=console.png HTTP/1.1" 200 -
2024-05-13 13:32:58,410 INFO werkzeug 127.0.0.1 - - [13/May/2024 13:32:58] "[36mGET /?__debugger__=yes&cmd=resource&f=console.png HTTP/1.1[0m" 304 -
2024-05-13 13:35:15,119 INFO werkzeug  * Detected change in 'C:\\Users\\Andrew\\OneDrive\\Projects\\Python\\tradingbot\\app.py', reloading
2024-05-13 13:35:15,197 INFO werkzeug  * Restarting with stat
2024-05-13 13:35:15,920 DEBUG tzlocal Looking up time zone info from registry
2024-05-13 13:35:15,923 INFO apscheduler.scheduler Adding job tentatively -- it will be properly scheduled when the scheduler starts
2024-05-13 13:35:15,924 INFO apscheduler.scheduler Added job "wait_until_market_open" to job store "default"
2024-05-13 13:35:15,924 INFO apscheduler.scheduler Scheduler started
2024-05-13 13:35:15,925 DEBUG apscheduler.scheduler Looking for jobs to run
2024-05-13 13:35:15,925 DEBUG apscheduler.scheduler Next wakeup is due at 2024-05-13 14:35:15.923011+10:00 (in 3599.998000 seconds)
2024-05-13 13:35:15,930 WARNING werkzeug  * Debugger is active!
2024-05-13 13:35:15,933 INFO werkzeug  * Debugger PIN: 678-019-846
2024-05-13 13:35:34,968 INFO werkzeug  * Detected change in 'C:\\Users\\Andrew\\OneDrive\\Projects\\Python\\tradingbot\\app.py', reloading
2024-05-13 13:35:35,043 INFO werkzeug  * Restarting with stat
2024-05-13 13:35:35,771 DEBUG tzlocal Looking up time zone info from registry
2024-05-13 13:35:35,774 INFO apscheduler.scheduler Adding job tentatively -- it will be properly scheduled when the scheduler starts
2024-05-13 13:35:35,775 INFO apscheduler.scheduler Added job "wait_until_market_open" to job store "default"
2024-05-13 13:35:35,776 INFO apscheduler.scheduler Scheduler started
2024-05-13 13:35:35,776 DEBUG apscheduler.scheduler Looking for jobs to run
2024-05-13 13:35:35,777 DEBUG apscheduler.scheduler Next wakeup is due at 2024-05-13 14:35:35.774575+10:00 (in 3599.996999 seconds)
2024-05-13 13:35:35,781 WARNING werkzeug  * Debugger is active!
2024-05-13 13:35:35,785 INFO werkzeug  * Debugger PIN: 678-019-846
2024-05-13 13:35:52,825 DEBUG tzlocal Looking up time zone info from registry
2024-05-13 13:35:52,828 INFO apscheduler.scheduler Adding job tentatively -- it will be properly scheduled when the scheduler starts
2024-05-13 13:35:52,829 INFO apscheduler.scheduler Added job "wait_until_market_open" to job store "default"
2024-05-13 13:35:52,829 INFO apscheduler.scheduler Scheduler started
2024-05-13 13:35:52,830 DEBUG apscheduler.scheduler Looking for jobs to run
2024-05-13 13:35:52,830 DEBUG apscheduler.scheduler Next wakeup is due at 2024-05-13 14:35:52.828291+10:00 (in 3599.997999 seconds)
2024-05-13 13:35:52,840 INFO werkzeug [31m[1mWARNING: This is a development server. Do not use it in a production deployment. Use a production WSGI server instead.[0m
 * Running on http://127.0.0.1:5000
2024-05-13 13:35:52,840 INFO werkzeug [33mPress CTRL+C to quit[0m
2024-05-13 13:35:52,841 INFO werkzeug  * Restarting with stat
2024-05-13 13:35:53,545 DEBUG tzlocal Looking up time zone info from registry
2024-05-13 13:35:53,547 INFO apscheduler.scheduler Adding job tentatively -- it will be properly scheduled when the scheduler starts
2024-05-13 13:35:53,548 INFO apscheduler.scheduler Added job "wait_until_market_open" to job store "default"
2024-05-13 13:35:53,549 INFO apscheduler.scheduler Scheduler started
2024-05-13 13:35:53,549 DEBUG apscheduler.scheduler Looking for jobs to run
2024-05-13 13:35:53,549 DEBUG apscheduler.scheduler Next wakeup is due at 2024-05-13 14:35:53.547455+10:00 (in 3599.997999 seconds)
2024-05-13 13:35:53,555 WARNING werkzeug  * Debugger is active!
2024-05-13 13:35:53,558 INFO werkzeug  * Debugger PIN: 678-019-846
2024-05-13 13:36:04,597 DEBUG urllib3.connectionpool Starting new HTTPS connection (1): paper-api.alpaca.markets:443
2024-05-13 13:36:05,286 DEBUG urllib3.connectionpool https://paper-api.alpaca.markets:443 "GET /v2/clock HTTP/1.1" 200 148
2024-05-13 13:36:06,639 INFO werkzeug 127.0.0.1 - - [13/May/2024 13:36:06] "[35m[1mGET / HTTP/1.1[0m" 500 -
2024-05-13 13:36:06,697 INFO werkzeug 127.0.0.1 - - [13/May/2024 13:36:06] "[36mGET /?__debugger__=yes&cmd=resource&f=style.css HTTP/1.1[0m" 304 -
2024-05-13 13:36:06,970 INFO werkzeug 127.0.0.1 - - [13/May/2024 13:36:06] "[36mGET /?__debugger__=yes&cmd=resource&f=debugger.js HTTP/1.1[0m" 304 -
2024-05-13 13:36:07,318 INFO werkzeug 127.0.0.1 - - [13/May/2024 13:36:07] "[36mGET /?__debugger__=yes&cmd=resource&f=console.png HTTP/1.1[0m" 304 -
2024-05-13 13:44:32,554 DEBUG tzlocal Looking up time zone info from registry
2024-05-13 13:44:32,558 INFO apscheduler.scheduler Adding job tentatively -- it will be properly scheduled when the scheduler starts
2024-05-13 13:44:32,559 INFO apscheduler.scheduler Added job "wait_until_market_open" to job store "default"
2024-05-13 13:44:32,559 INFO apscheduler.scheduler Scheduler started
2024-05-13 13:44:32,559 DEBUG apscheduler.scheduler Looking for jobs to run
2024-05-13 13:44:32,560 DEBUG apscheduler.scheduler Next wakeup is due at 2024-05-13 14:44:32.557135+10:00 (in 3599.996999 seconds)
2024-05-13 13:44:32,570 INFO werkzeug [31m[1mWARNING: This is a development server. Do not use it in a production deployment. Use a production WSGI server instead.[0m
 * Running on http://127.0.0.1:5000
2024-05-13 13:44:32,570 INFO werkzeug [33mPress CTRL+C to quit[0m
2024-05-13 13:44:32,571 INFO werkzeug  * Restarting with stat
2024-05-13 13:44:33,276 DEBUG tzlocal Looking up time zone info from registry
2024-05-13 13:44:33,279 INFO apscheduler.scheduler Adding job tentatively -- it will be properly scheduled when the scheduler starts
2024-05-13 13:44:33,280 INFO apscheduler.scheduler Added job "wait_until_market_open" to job store "default"
2024-05-13 13:44:33,280 INFO apscheduler.scheduler Scheduler started
2024-05-13 13:44:33,281 DEBUG apscheduler.scheduler Looking for jobs to run
2024-05-13 13:44:33,281 DEBUG apscheduler.scheduler Next wakeup is due at 2024-05-13 14:44:33.279254+10:00 (in 3599.998000 seconds)
2024-05-13 13:44:33,286 WARNING werkzeug  * Debugger is active!
2024-05-13 13:44:33,289 INFO werkzeug  * Debugger PIN: 678-019-846
2024-05-13 13:44:46,780 DEBUG urllib3.connectionpool Starting new HTTPS connection (1): paper-api.alpaca.markets:443
2024-05-13 13:44:47,484 DEBUG urllib3.connectionpool https://paper-api.alpaca.markets:443 "GET /v2/clock HTTP/1.1" 200 148
2024-05-13 13:44:47,546 INFO werkzeug 127.0.0.1 - - [13/May/2024 13:44:47] "[35m[1mGET / HTTP/1.1[0m" 500 -
2024-05-13 13:44:47,603 INFO werkzeug 127.0.0.1 - - [13/May/2024 13:44:47] "[36mGET /?__debugger__=yes&cmd=resource&f=style.css HTTP/1.1[0m" 304 -
2024-05-13 13:44:47,886 INFO werkzeug 127.0.0.1 - - [13/May/2024 13:44:47] "[36mGET /?__debugger__=yes&cmd=resource&f=debugger.js HTTP/1.1[0m" 304 -
2024-05-13 13:44:48,231 INFO werkzeug 127.0.0.1 - - [13/May/2024 13:44:48] "[36mGET /?__debugger__=yes&cmd=resource&f=console.png HTTP/1.1[0m" 304 -
2024-05-13 13:46:18,946 INFO werkzeug  * Detected change in 'C:\\Users\\Andrew\\OneDrive\\Projects\\Python\\tradingbot\\app.py', reloading
2024-05-13 13:46:19,022 INFO werkzeug  * Restarting with stat
2024-05-13 13:46:19,781 DEBUG tzlocal Looking up time zone info from registry
2024-05-13 13:46:19,784 INFO apscheduler.scheduler Adding job tentatively -- it will be properly scheduled when the scheduler starts
2024-05-13 13:46:19,785 INFO apscheduler.scheduler Added job "wait_until_market_open" to job store "default"
2024-05-13 13:46:19,785 INFO apscheduler.scheduler Scheduler started
2024-05-13 13:46:19,786 DEBUG apscheduler.scheduler Looking for jobs to run
2024-05-13 13:46:19,786 DEBUG apscheduler.scheduler Next wakeup is due at 2024-05-13 14:46:19.784074+10:00 (in 3599.997999 seconds)
2024-05-13 13:46:19,791 WARNING werkzeug  * Debugger is active!
2024-05-13 13:46:19,795 INFO werkzeug  * Debugger PIN: 678-019-846
2024-05-13 13:46:35,394 DEBUG tzlocal Looking up time zone info from registry
2024-05-13 13:46:35,397 INFO apscheduler.scheduler Adding job tentatively -- it will be properly scheduled when the scheduler starts
2024-05-13 13:46:35,398 INFO apscheduler.scheduler Added job "wait_until_market_open" to job store "default"
2024-05-13 13:46:35,398 INFO apscheduler.scheduler Scheduler started
2024-05-13 13:46:35,399 DEBUG apscheduler.scheduler Looking for jobs to run
2024-05-13 13:46:35,399 DEBUG apscheduler.scheduler Next wakeup is due at 2024-05-13 14:46:35.397319+10:00 (in 3599.998000 seconds)
2024-05-13 13:46:35,410 INFO werkzeug [31m[1mWARNING: This is a development server. Do not use it in a production deployment. Use a production WSGI server instead.[0m
 * Running on http://127.0.0.1:5000
2024-05-13 13:46:35,410 INFO werkzeug [33mPress CTRL+C to quit[0m
2024-05-13 13:46:35,411 INFO werkzeug  * Restarting with stat
2024-05-13 13:46:36,124 DEBUG tzlocal Looking up time zone info from registry
2024-05-13 13:46:36,127 INFO apscheduler.scheduler Adding job tentatively -- it will be properly scheduled when the scheduler starts
2024-05-13 13:46:36,128 INFO apscheduler.scheduler Added job "wait_until_market_open" to job store "default"
2024-05-13 13:46:36,128 INFO apscheduler.scheduler Scheduler started
2024-05-13 13:46:36,129 DEBUG apscheduler.scheduler Looking for jobs to run
2024-05-13 13:46:36,129 DEBUG apscheduler.scheduler Next wakeup is due at 2024-05-13 14:46:36.127484+10:00 (in 3599.997999 seconds)
2024-05-13 13:46:36,134 WARNING werkzeug  * Debugger is active!
2024-05-13 13:46:36,138 INFO werkzeug  * Debugger PIN: 678-019-846
2024-05-13 13:46:46,649 DEBUG urllib3.connectionpool Starting new HTTPS connection (1): paper-api.alpaca.markets:443
2024-05-13 13:46:47,332 DEBUG urllib3.connectionpool https://paper-api.alpaca.markets:443 "GET /v2/clock HTTP/1.1" 200 148
2024-05-13 13:46:47,385 INFO __main__ Market is closed.
2024-05-13 13:46:47,623 DEBUG urllib3.connectionpool https://paper-api.alpaca.markets:443 "GET /v2/account HTTP/1.1" 200 None
2024-05-13 13:46:47,624 DEBUG __main__ Current portfolio balance: 100000
2024-05-13 13:46:47,625 DEBUG urllib3.connectionpool Starting new HTTPS connection (1): data.alpaca.markets:443
2024-05-13 13:46:48,379 DEBUG urllib3.connectionpool https://data.alpaca.markets:443 "GET /v2/stocks/GLD/bars?timeframe=1Day&adjustment=raw&limit=5 HTTP/1.1" 200 51
2024-05-13 13:46:48,607 DEBUG urllib3.connectionpool https://paper-api.alpaca.markets:443 "GET /v2/assets/GLD HTTP/1.1" 200 343
2024-05-13 13:46:48,834 DEBUG urllib3.connectionpool https://data.alpaca.markets:443 "GET /v2/stocks/AAPL/bars?timeframe=1Day&adjustment=raw&limit=5 HTTP/1.1" 200 52
2024-05-13 13:46:49,062 DEBUG urllib3.connectionpool https://paper-api.alpaca.markets:443 "GET /v2/assets/AAPL HTTP/1.1" 200 334
2024-05-13 13:46:49,290 DEBUG urllib3.connectionpool https://data.alpaca.markets:443 "GET /v2/stocks/MSFT/bars?timeframe=1Day&adjustment=raw&limit=5 HTTP/1.1" 200 52
2024-05-13 13:46:49,518 DEBUG urllib3.connectionpool https://paper-api.alpaca.markets:443 "GET /v2/assets/MSFT HTTP/1.1" 200 345
2024-05-13 13:46:49,524 INFO werkzeug 127.0.0.1 - - [13/May/2024 13:46:49] "GET / HTTP/1.1" 200 -
2024-05-13 13:46:49,578 INFO werkzeug 127.0.0.1 - - [13/May/2024 13:46:49] "[36mGET /static/styles.css HTTP/1.1[0m" 304 -
2024-05-13 13:49:50,690 DEBUG urllib3.connectionpool Resetting dropped connection: paper-api.alpaca.markets
2024-05-13 13:49:51,459 DEBUG urllib3.connectionpool https://paper-api.alpaca.markets:443 "GET /v2/clock HTTP/1.1" 200 148
2024-05-13 13:49:51,459 INFO __main__ Market is closed.
2024-05-13 13:49:51,685 DEBUG urllib3.connectionpool https://paper-api.alpaca.markets:443 "GET /v2/account HTTP/1.1" 200 None
2024-05-13 13:49:51,685 DEBUG __main__ Current portfolio balance: 100000
2024-05-13 13:49:51,686 DEBUG urllib3.connectionpool Resetting dropped connection: data.alpaca.markets
2024-05-13 13:49:52,375 DEBUG urllib3.connectionpool https://data.alpaca.markets:443 "GET /v2/stocks/GLD/bars?timeframe=1Day&adjustment=raw&limit=5 HTTP/1.1" 200 51
2024-05-13 13:49:52,623 DEBUG urllib3.connectionpool https://paper-api.alpaca.markets:443 "GET /v2/assets/GLD HTTP/1.1" 200 343
2024-05-13 13:49:52,860 DEBUG urllib3.connectionpool https://data.alpaca.markets:443 "GET /v2/stocks/AAPL/bars?timeframe=1Day&adjustment=raw&limit=5 HTTP/1.1" 200 52
2024-05-13 13:49:53,089 DEBUG urllib3.connectionpool https://paper-api.alpaca.markets:443 "GET /v2/assets/AAPL HTTP/1.1" 200 334
2024-05-13 13:49:53,317 DEBUG urllib3.connectionpool https://data.alpaca.markets:443 "GET /v2/stocks/MSFT/bars?timeframe=1Day&adjustment=raw&limit=5 HTTP/1.1" 200 52
2024-05-13 13:49:53,570 DEBUG urllib3.connectionpool https://paper-api.alpaca.markets:443 "GET /v2/assets/MSFT HTTP/1.1" 200 345
2024-05-13 13:49:53,574 INFO werkzeug 127.0.0.1 - - [13/May/2024 13:49:53] "GET / HTTP/1.1" 200 -
2024-05-13 13:49:53,588 INFO werkzeug 127.0.0.1 - - [13/May/2024 13:49:53] "[36mGET /static/styles.css HTTP/1.1[0m" 304 -
2024-05-13 13:50:40,697 INFO werkzeug  * Detected change in 'C:\\Users\\Andrew\\OneDrive\\Projects\\Python\\tradingbot\\app.py', reloading
2024-05-13 13:50:40,784 INFO werkzeug  * Restarting with stat
2024-05-13 13:50:41,504 DEBUG tzlocal Looking up time zone info from registry
2024-05-13 13:50:41,507 INFO apscheduler.scheduler Adding job tentatively -- it will be properly scheduled when the scheduler starts
2024-05-13 13:50:41,508 INFO apscheduler.scheduler Added job "wait_until_market_open" to job store "default"
2024-05-13 13:50:41,508 INFO apscheduler.scheduler Scheduler started
2024-05-13 13:50:41,509 DEBUG apscheduler.scheduler Looking for jobs to run
2024-05-13 13:50:41,509 DEBUG apscheduler.scheduler Next wakeup is due at 2024-05-13 14:50:41.507927+10:00 (in 3599.997999 seconds)
2024-05-13 13:50:41,515 WARNING werkzeug  * Debugger is active!
2024-05-13 13:50:41,518 INFO werkzeug  * Debugger PIN: 678-019-846
2024-05-13 13:50:53,500 DEBUG tzlocal Looking up time zone info from registry
2024-05-13 13:50:53,503 INFO apscheduler.scheduler Adding job tentatively -- it will be properly scheduled when the scheduler starts
2024-05-13 13:50:53,504 INFO apscheduler.scheduler Added job "wait_until_market_open" to job store "default"
2024-05-13 13:50:53,505 INFO apscheduler.scheduler Scheduler started
2024-05-13 13:50:53,505 DEBUG apscheduler.scheduler Looking for jobs to run
2024-05-13 13:50:53,506 DEBUG apscheduler.scheduler Next wakeup is due at 2024-05-13 14:50:53.503986+10:00 (in 3599.998000 seconds)
2024-05-13 13:50:53,516 INFO werkzeug [31m[1mWARNING: This is a development server. Do not use it in a production deployment. Use a production WSGI server instead.[0m
 * Running on http://127.0.0.1:5000
2024-05-13 13:50:53,516 INFO werkzeug [33mPress CTRL+C to quit[0m
2024-05-13 13:50:53,517 INFO werkzeug  * Restarting with stat
2024-05-13 13:50:54,252 DEBUG tzlocal Looking up time zone info from registry
2024-05-13 13:50:54,255 INFO apscheduler.scheduler Adding job tentatively -- it will be properly scheduled when the scheduler starts
2024-05-13 13:50:54,256 INFO apscheduler.scheduler Added job "wait_until_market_open" to job store "default"
2024-05-13 13:50:54,256 INFO apscheduler.scheduler Scheduler started
2024-05-13 13:50:54,257 DEBUG apscheduler.scheduler Looking for jobs to run
2024-05-13 13:50:54,257 DEBUG apscheduler.scheduler Next wakeup is due at 2024-05-13 14:50:54.255156+10:00 (in 3599.998000 seconds)
2024-05-13 13:50:54,262 WARNING werkzeug  * Debugger is active!
2024-05-13 13:50:54,265 INFO werkzeug  * Debugger PIN: 678-019-846
2024-05-13 13:50:58,422 DEBUG urllib3.connectionpool Starting new HTTPS connection (1): paper-api.alpaca.markets:443
2024-05-13 13:50:59,112 DEBUG urllib3.connectionpool https://paper-api.alpaca.markets:443 "GET /v2/clock HTTP/1.1" 200 147
2024-05-13 13:50:59,165 INFO __main__ Market is closed.
2024-05-13 13:50:59,398 DEBUG urllib3.connectionpool https://paper-api.alpaca.markets:443 "GET /v2/account HTTP/1.1" 200 None
2024-05-13 13:50:59,398 DEBUG __main__ Current portfolio balance: 100000
2024-05-13 13:50:59,399 DEBUG urllib3.connectionpool Starting new HTTPS connection (1): data.alpaca.markets:443
2024-05-13 13:51:00,083 DEBUG urllib3.connectionpool https://data.alpaca.markets:443 "GET /v2/stocks/GLD/bars?timeframe=1Day&adjustment=raw&limit=5 HTTP/1.1" 200 51
2024-05-13 13:51:00,311 DEBUG urllib3.connectionpool https://paper-api.alpaca.markets:443 "GET /v2/assets/GLD HTTP/1.1" 200 343
2024-05-13 13:51:00,541 DEBUG urllib3.connectionpool https://data.alpaca.markets:443 "GET /v2/stocks/AAPL/bars?timeframe=1Day&adjustment=raw&limit=5 HTTP/1.1" 200 52
2024-05-13 13:51:00,774 DEBUG urllib3.connectionpool https://paper-api.alpaca.markets:443 "GET /v2/assets/AAPL HTTP/1.1" 200 334
2024-05-13 13:51:01,011 DEBUG urllib3.connectionpool https://data.alpaca.markets:443 "GET /v2/stocks/MSFT/bars?timeframe=1Day&adjustment=raw&limit=5 HTTP/1.1" 200 52
2024-05-13 13:51:01,241 DEBUG urllib3.connectionpool https://paper-api.alpaca.markets:443 "GET /v2/assets/MSFT HTTP/1.1" 200 345
2024-05-13 13:51:01,247 INFO werkzeug 127.0.0.1 - - [13/May/2024 13:51:01] "GET / HTTP/1.1" 200 -
2024-05-13 13:51:01,296 INFO werkzeug 127.0.0.1 - - [13/May/2024 13:51:01] "[36mGET /static/styles.css HTTP/1.1[0m" 304 -
2024-05-13 13:53:30,447 DEBUG urllib3.connectionpool Resetting dropped connection: paper-api.alpaca.markets
2024-05-13 13:53:31,192 DEBUG urllib3.connectionpool https://paper-api.alpaca.markets:443 "GET /v2/clock HTTP/1.1" 200 148
2024-05-13 13:53:31,193 INFO __main__ Market is closed.
2024-05-13 13:53:31,431 DEBUG urllib3.connectionpool https://paper-api.alpaca.markets:443 "GET /v2/account HTTP/1.1" 200 None
2024-05-13 13:53:31,432 DEBUG __main__ Current portfolio balance: 100000
2024-05-13 13:53:31,433 DEBUG urllib3.connectionpool Resetting dropped connection: data.alpaca.markets
2024-05-13 13:53:32,157 DEBUG urllib3.connectionpool https://data.alpaca.markets:443 "GET /v2/stocks/GLD/bars?timeframe=1Day&adjustment=raw&limit=5 HTTP/1.1" 200 51
2024-05-13 13:53:32,384 DEBUG urllib3.connectionpool https://paper-api.alpaca.markets:443 "GET /v2/assets/GLD HTTP/1.1" 200 343
2024-05-13 13:53:32,613 DEBUG urllib3.connectionpool https://data.alpaca.markets:443 "GET /v2/stocks/AAPL/bars?timeframe=1Day&adjustment=raw&limit=5 HTTP/1.1" 200 52
2024-05-13 13:53:32,843 DEBUG urllib3.connectionpool https://paper-api.alpaca.markets:443 "GET /v2/assets/AAPL HTTP/1.1" 200 334
2024-05-13 13:53:33,081 DEBUG urllib3.connectionpool https://data.alpaca.markets:443 "GET /v2/stocks/MSFT/bars?timeframe=1Day&adjustment=raw&limit=5 HTTP/1.1" 200 52
2024-05-13 13:53:33,308 DEBUG urllib3.connectionpool https://paper-api.alpaca.markets:443 "GET /v2/assets/MSFT HTTP/1.1" 200 345
2024-05-13 13:53:33,312 INFO werkzeug 127.0.0.1 - - [13/May/2024 13:53:33] "GET / HTTP/1.1" 200 -
2024-05-13 13:53:33,325 INFO werkzeug 127.0.0.1 - - [13/May/2024 13:53:33] "[36mGET /static/styles.css HTTP/1.1[0m" 304 -
2024-05-13 13:59:44,646 DEBUG tzlocal Looking up time zone info from registry
2024-05-13 13:59:44,649 INFO apscheduler.scheduler Adding job tentatively -- it will be properly scheduled when the scheduler starts
2024-05-13 13:59:44,650 INFO apscheduler.scheduler Added job "wait_until_market_open" to job store "default"
2024-05-13 13:59:44,651 INFO apscheduler.scheduler Scheduler started
2024-05-13 13:59:44,651 DEBUG apscheduler.scheduler Looking for jobs to run
2024-05-13 13:59:44,651 DEBUG apscheduler.scheduler Next wakeup is due at 2024-05-13 14:59:44.649998+10:00 (in 3599.997999 seconds)
2024-05-13 13:59:44,663 INFO werkzeug [31m[1mWARNING: This is a development server. Do not use it in a production deployment. Use a production WSGI server instead.[0m
 * Running on http://127.0.0.1:5000
2024-05-13 13:59:44,663 INFO werkzeug [33mPress CTRL+C to quit[0m
2024-05-13 13:59:44,664 INFO werkzeug  * Restarting with stat
2024-05-13 13:59:45,395 DEBUG tzlocal Looking up time zone info from registry
2024-05-13 13:59:45,398 INFO apscheduler.scheduler Adding job tentatively -- it will be properly scheduled when the scheduler starts
2024-05-13 13:59:45,399 INFO apscheduler.scheduler Added job "wait_until_market_open" to job store "default"
2024-05-13 13:59:45,399 INFO apscheduler.scheduler Scheduler started
2024-05-13 13:59:45,400 DEBUG apscheduler.scheduler Looking for jobs to run
2024-05-13 13:59:45,400 DEBUG apscheduler.scheduler Next wakeup is due at 2024-05-13 14:59:45.398769+10:00 (in 3599.997999 seconds)
2024-05-13 13:59:45,405 WARNING werkzeug  * Debugger is active!
2024-05-13 13:59:45,409 INFO werkzeug  * Debugger PIN: 678-019-846
2024-05-13 14:00:09,953 DEBUG urllib3.connectionpool Starting new HTTPS connection (1): paper-api.alpaca.markets:443
2024-05-13 14:00:10,654 DEBUG urllib3.connectionpool https://paper-api.alpaca.markets:443 "GET /v2/clock HTTP/1.1" 200 148
2024-05-13 14:00:10,708 INFO __main__ Market is closed.
2024-05-13 14:00:10,933 DEBUG urllib3.connectionpool https://paper-api.alpaca.markets:443 "GET /v2/account HTTP/1.1" 200 None
2024-05-13 14:00:10,933 DEBUG __main__ Current portfolio balance: 100000
2024-05-13 14:00:10,934 DEBUG urllib3.connectionpool Starting new HTTPS connection (1): data.alpaca.markets:443
2024-05-13 14:00:11,623 DEBUG urllib3.connectionpool https://data.alpaca.markets:443 "GET /v2/stocks/GLD/bars?timeframe=1Day&adjustment=raw&limit=5 HTTP/1.1" 403 68
2024-05-13 14:00:11,623 ERROR __main__ Error retrieving data for GLD: subscription does not permit querying recent SIP data
2024-05-13 14:00:11,849 DEBUG urllib3.connectionpool https://data.alpaca.markets:443 "GET /v2/stocks/AAPL/bars?timeframe=1Day&adjustment=raw&limit=5 HTTP/1.1" 403 68
2024-05-13 14:00:11,850 ERROR __main__ Error retrieving data for AAPL: subscription does not permit querying recent SIP data
2024-05-13 14:00:12,076 DEBUG urllib3.connectionpool https://data.alpaca.markets:443 "GET /v2/stocks/MSFT/bars?timeframe=1Day&adjustment=raw&limit=5 HTTP/1.1" 403 68
2024-05-13 14:00:12,076 ERROR __main__ Error retrieving data for MSFT: subscription does not permit querying recent SIP data
2024-05-13 14:00:12,082 INFO werkzeug 127.0.0.1 - - [13/May/2024 14:00:12] "GET / HTTP/1.1" 200 -
2024-05-13 14:00:12,138 INFO werkzeug 127.0.0.1 - - [13/May/2024 14:00:12] "[36mGET /static/styles.css HTTP/1.1[0m" 304 -
2024-05-13 14:02:04,837 DEBUG urllib3.connectionpool Resetting dropped connection: paper-api.alpaca.markets
2024-05-13 14:02:05,522 DEBUG urllib3.connectionpool https://paper-api.alpaca.markets:443 "GET /v2/clock HTTP/1.1" 200 148
2024-05-13 14:02:05,522 INFO __main__ Market is closed.
2024-05-13 14:02:05,749 DEBUG urllib3.connectionpool https://paper-api.alpaca.markets:443 "GET /v2/account HTTP/1.1" 200 None
2024-05-13 14:02:05,749 DEBUG __main__ Current portfolio balance: 100000
2024-05-13 14:02:05,751 DEBUG urllib3.connectionpool Resetting dropped connection: data.alpaca.markets
2024-05-13 14:02:06,430 DEBUG urllib3.connectionpool https://data.alpaca.markets:443 "GET /v2/stocks/GLD/bars?timeframe=1Day&adjustment=raw&limit=5 HTTP/1.1" 403 68
2024-05-13 14:02:06,430 ERROR __main__ Error retrieving data for GLD: subscription does not permit querying recent SIP data
2024-05-13 14:02:06,655 DEBUG urllib3.connectionpool https://data.alpaca.markets:443 "GET /v2/stocks/AAPL/bars?timeframe=1Day&adjustment=raw&limit=5 HTTP/1.1" 403 68
2024-05-13 14:02:06,655 ERROR __main__ Error retrieving data for AAPL: subscription does not permit querying recent SIP data
2024-05-13 14:02:06,881 DEBUG urllib3.connectionpool https://data.alpaca.markets:443 "GET /v2/stocks/MSFT/bars?timeframe=1Day&adjustment=raw&limit=5 HTTP/1.1" 403 68
2024-05-13 14:02:06,881 ERROR __main__ Error retrieving data for MSFT: subscription does not permit querying recent SIP data
2024-05-13 14:02:06,885 INFO werkzeug 127.0.0.1 - - [13/May/2024 14:02:06] "GET / HTTP/1.1" 200 -
2024-05-13 14:02:06,904 INFO werkzeug 127.0.0.1 - - [13/May/2024 14:02:06] "[36mGET /static/styles.css HTTP/1.1[0m" 304 -
